  Assembling 0_Plantilla_.asm...
  Assembling P10_ComplementoMatriz_.asm...
  Assembling P11_FilaValorGrandre_.asm...
  Assembling P12_XXXX_.asm...
  Assembling P1_BuscarMenorArreglo_.asm...
  Assembling P2_Mayores_o_Iguales_Promedio_.asm...
  Assembling P3_NumerosPares_.asm...
  Assembling P4_NumerosMayores_.asm...
  Assembling P5_Sumatoria_Matriz3x3_.asm...
  Assembling P6_SumatorialFilaMatriz_.asm...
  Assembling P7_ValorMayorMatriz_.asm...
  Assembling P8_ValorMenorMatriz_.asm...
  Assembling P9_NumerosParesMatriz_.asm...
0_Plantilla_.obj : warning LNK4258: la directiva '/ENTRY:main0@0' no es compatible con el modificador '/ENTRY:main12'; se ha omitido
P10_ComplementoMatriz_.obj : warning LNK4258: la directiva '/ENTRY:main10@0' no es compatible con el modificador '/ENTRY:main12'; se ha omitido
P11_FilaValorGrandre_.obj : warning LNK4258: la directiva '/ENTRY:main11@0' no es compatible con el modificador '/ENTRY:main12'; se ha omitido
P12_XXXX_.obj : warning LNK4258: la directiva '/ENTRY:main12@0' no es compatible con el modificador '/ENTRY:main12'; se ha omitido
P1_BuscarMenorArreglo_.obj : warning LNK4258: la directiva '/ENTRY:main1@0' no es compatible con el modificador '/ENTRY:main12'; se ha omitido
P2_Mayores_o_Iguales_Promedio_.obj : warning LNK4258: la directiva '/ENTRY:main2@0' no es compatible con el modificador '/ENTRY:main12'; se ha omitido
P3_NumerosPares_.obj : warning LNK4258: la directiva '/ENTRY:main3@0' no es compatible con el modificador '/ENTRY:main12'; se ha omitido
P4_NumerosMayores_.obj : warning LNK4258: la directiva '/ENTRY:main4@0' no es compatible con el modificador '/ENTRY:main12'; se ha omitido
P5_Sumatoria_Matriz3x3_.obj : warning LNK4258: la directiva '/ENTRY:main5@0' no es compatible con el modificador '/ENTRY:main12'; se ha omitido
P6_SumatorialFilaMatriz_.obj : warning LNK4258: la directiva '/ENTRY:main6@0' no es compatible con el modificador '/ENTRY:main12'; se ha omitido
P7_ValorMayorMatriz_.obj : warning LNK4258: la directiva '/ENTRY:main7@0' no es compatible con el modificador '/ENTRY:main12'; se ha omitido
P8_ValorMenorMatriz_.obj : warning LNK4258: la directiva '/ENTRY:main8@0' no es compatible con el modificador '/ENTRY:main12'; se ha omitido
P9_NumerosParesMatriz_.obj : warning LNK4258: la directiva '/ENTRY:main9@0' no es compatible con el modificador '/ENTRY:main12'; se ha omitido
  PM_4_TareasEjerciciosU4.vcxproj -> D:\Documentos\UAT\UAT 8vo Semestre\#8 Programación de Microprocesadores\PM_CLASE\Unidad_4\PM_4_TareasEjerciciosU4\Debug\PM_4_TareasEjerciciosU4.exe
